app/build/outputs/mapping/release/seeds.txt
com.kappaapps.kappachat.Activities.ChatActivity
com.kappaapps.kappachat.Activities.MainActivity
com.kappaapps.kappachat.Activities.SetupProfileActivity
com.kappaapps.kappachat.Activities.PhoneNumberActivity
com.kappaapps.kappachat.MyFirebaseService
com.kappaapps.kappachat.Activities.GroupChatActivity
com.kappaapps.kappachat.Activities.OTPActivity
com.kappaapps.kappachat.Activities.GroupChatActivity: GroupChatActivity()
com.kappaapps.kappachat.MyFirebaseService: MyFirebaseService()
com.kappaapps.kappachat.Activities.SetupProfileActivity: SetupProfileActivity()
com.kappaapps.kappachat.Activities.PhoneNumberActivity: PhoneNumberActivity()
com.kappaapps.kappachat.Activities.ChatActivity: ChatActivity()
com.kappaapps.kappachat.Activities.MainActivity: MainActivity()
com.kappaapps.kappachat.Activities.OTPActivity: OTPActivity()
...
androidx.core.view.ViewCompat$Api19Impl: boolean isAttachedToWindow(android.view.View)
com.google.android.material.navigation.NavigationBarItemView: void setChecked(boolean)
com.google.android.material.appbar.MaterialToolbar: void setTitleCentered(boolean)
androidx.appcompat.widget.AbsActionBarView: int getContentHeight()
com.google.android.material.navigation.NavigationBarMenuView: void setItemActiveIndicatorWidth(int)
de.hdodenhof.circleimageview.CircleImageView: int getCircleBackgroundColor()
com.google.android.material.chip.Chip: void setTextStartPaddingResource(int)
androidx.appcompat.widget.AppCompatSpinner: void setDropDownHorizontalOffset(int)
androidx.appcompat.widget.SearchView: void setSuggestionsAdapter(androidx.cursoradapter.widget.CursorAdapter)
com.google.android.material.button.MaterialButton: void setIconTintResource(int)
androidx.core.view.ViewCompat$Api26Impl: void addKeyboardNavigationClusters(android.view.View,java.util.Collection,int)
androidx.appcompat.widget.Toolbar: int getPopupTheme()
androidx.appcompat.widget.AppCompatCheckedTextView: android.view.ActionMode$Callback getCustomSelectionActionModeCallback()
androidx.constraintlayout.motion.widget.MotionLayout: androidx.constraintlayout.motion.widget.MotionScene getScene()
com.google.android.material.card.MaterialCardView: android.graphics.RectF getBoundsAsRectF()
androidx.appcompat.widget.DropDownListView: void setListSelectionHidden(boolean)
com.google.android.material.textfield.TextInputLayout: int getCounterMaxLength()
com.bumptech.glide.load.resource.bitmap.DownsampleStrategy$SampleSizeRounding: com.bumptech.glide.load.resource.bitmap.DownsampleStrategy$SampleSizeRounding[] values()
com.google.android.material.chip.Chip: void setChipEndPaddingResource(int)
androidx.vectordrawable.graphics.drawable.VectorDrawableCompat$VectorDrawableDelegateState: int getChangingConfigurations()
com.google.android.material.button.MaterialButton: int getCornerRadius()
com.google.android.material.chip.ChipGroup: int getChipCount()
com.google.android.material.snackbar.SnackbarContentLayout: SnackbarContentLayout(android.content.Context,android.util.AttributeSet)
androidx.recyclerview.widget.RecyclerView: void setPreserveFocusAfterLayout(boolean)
com.google.android.material.button.MaterialButton: android.content.res.ColorStateList getBackgroundTintList()
de.hdodenhof.circleimageview.CircleImageView: void setColorFilter(android.graphics.ColorFilter)
com.google.android.material.navigation.NavigationBarItemView: void setItemPosition(int)
com.google.android.material.textfield.TextInputLayout: void setEndIconVisible(boolean)
androidx.lifecycle.EmptyActivityLifecycleCallbacks: void onActivityPaused(android.app.Activity)
androidx.coordinatorlayout.widget.CoordinatorLayout: void setOnHierarchyChangeListener(android.view.ViewGroup$OnHierarchyChangeListener)
com.google.firebase.messaging.FirebaseMessagingRegistrar: com.google.firebase.messaging.FirebaseMessaging lambda$getComponents$0(com.google.firebase.components.ComponentContainer)
com.google.android.material.snackbar.BaseTransientBottomBar$SnackbarBaseLayout: float getActionTextColorAlpha()
androidx.appcompat.widget.AppCompatSpinner: java.lang.CharSequence getPrompt()
com.google.android.material.card.MaterialCardView: int getContentPaddingBottom()
androidx.appcompat.widget.AppCompatSpinner: void setPopupBackgroundResource(int)
com.google.android.material.navigation.NavigationBarMenuView: androidx.appcompat.view.menu.MenuBuilder getMenu()
androidx.appcompat.widget.AppCompatRadioButton: void setEmojiCompatEnabled(boolean)
androidx.core.app.AppOpsManagerCompat$Api29Impl: java.lang.String getOpPackageName(android.content.Context)
androidx.recyclerview.widget.RecyclerView: androidx.recyclerview.widget.RecyclerView$EdgeEffectFactory getEdgeEffectFactory()
androidx.core.view.WindowInsetsCompat$Impl20: boolean equals(java.lang.Object)