app/build/outputs/mapping/release/usage.txt
com.kappaapps.kappachat.Activities.ChatActivity:
    java.lang.String name
    java.lang.String token
com.kappaapps.kappachat.BuildConfig
com.kappaapps.kappachat.Models.Messages:
    public long getTimestamp()
    public void setSenderId(java.lang.String)
    public void setTimestamp(long)
com.kappaapps.kappachat.Models.Status:
    public long getTimeStamp()
    public void setImageUrl(java.lang.String)
    public void setTimeStamp(long)
com.kappaapps.kappachat.Models.User:
    public java.lang.String getPhoneNumber()
    public void setName(java.lang.String)
    public void setPhoneNumber(java.lang.String)
    public void setProfileImage(java.lang.String)
    public void setToken(java.lang.String)
    public void setUid(java.lang.String)
com.kappaapps.kappachat.Models.UserStatus:
    public void <init>(java.lang.String,java.lang.String,long,java.util.ArrayList)
com.kappaapps.kappachat.R$array
com.kappaapps.kappachat.R$color
com.kappaapps.kappachat.R$dimen
com.kappaapps.kappachat.R$drawable
com.kappaapps.kappachat.R$font
com.kappaapps.kappachat.R$id
com.kappaapps.kappachat.R$layout
com.kappaapps.kappachat.R$menu
com.kappaapps.kappachat.R$mipmap
com.kappaapps.kappachat.R$string
com.kappaapps.kappachat.R$style
com.kappaapps.kappachat.R
com.kappaapps.kappachat.databinding.ActivityChatBinding:
    public synthetic bridge android.view.View getRoot()
com.kappaapps.kappachat.databinding.ActivityGroupChatBinding:
    public synthetic bridge android.view.View getRoot()
com.kappaapps.kappachat.databinding.ActivityMainBinding:
    public synthetic bridge android.view.View getRoot()
com.kappaapps.kappachat.databinding.ActivityOTPBinding:
    public synthetic bridge android.view.View getRoot()
com.kappaapps.kappachat.databinding.ActivityPhoneNumberBinding:
    public synthetic bridge android.view.View getRoot()
com.kappaapps.kappachat.databinding.ActivitySetupProfileBinding:
    public synthetic bridge android.view.View getRoot()
com.kappaapps.kappachat.databinding.DeleteDialogBinding:
    public synthetic bridge android.view.View getRoot()
    public static com.kappaapps.kappachat.databinding.DeleteDialogBinding inflate(android.view.LayoutInflater)
    public static com.kappaapps.kappachat.databinding.DeleteDialogBinding inflate(android.view.LayoutInflater,android.view.ViewGroup,boolean)
com.kappaapps.kappachat.databinding.DemoLayoutBinding
com.kappaapps.kappachat.databinding.DemoStatusBinding
com.kappaapps.kappachat.databinding.ItemReceiveBinding:
    public synthetic bridge android.view.View getRoot()
    public androidx.constraintlayout.widget.ConstraintLayout getRoot()
    public static com.kappaapps.kappachat.databinding.ItemReceiveBinding inflate(android.view.LayoutInflater)
    public static com.kappaapps.kappachat.databinding.ItemReceiveBinding inflate(android.view.LayoutInflater,android.view.ViewGroup,boolean)
com.kappaapps.kappachat.databinding.ItemReceiveGroupBinding:
    public synthetic bridge android.view.View getRoot()
    public androidx.constraintlayout.widget.ConstraintLayout getRoot()
    public static com.kappaapps.kappachat.databinding.ItemReceiveGroupBinding inflate(android.view.LayoutInflater)
    public static com.kappaapps.kappachat.databinding.ItemReceiveGroupBinding inflate(android.view.LayoutInflater,android.view.ViewGroup,boolean)
com.kappaapps.kappachat.databinding.ItemSentBinding:
    public synthetic bridge android.view.View getRoot()
    public androidx.constraintlayout.widget.ConstraintLayout getRoot()
    public static com.kappaapps.kappachat.databinding.ItemSentBinding inflate(android.view.LayoutInflater)
    public static com.kappaapps.kappachat.databinding.ItemSentBinding inflate(android.view.LayoutInflater,android.view.ViewGroup,boolean)
...
com.google.android.gms.internal.firebase-auth-api.zzly
com.google.android.gms.internal.firebase-auth-api.zzlz
com.google.android.gms.internal.firebase-auth-api.zzmb
com.google.android.gms.internal.firebase-auth-api.zzmd
com.google.android.gms.internal.firebase-auth-api.zzme
com.google.android.gms.internal.firebase-auth-api.zzmi
com.google.android.gms.internal.firebase-auth-api.zzmj
com.google.android.gms.internal.firebase-auth-api.zzml:
    public static final synthetic int zzb
com.google.android.gms.internal.firebase-auth-api.zzmm:
    public abstract int zza()
    public abstract com.google.android.gms.cloudmessaging.zzn zzb(byte[])
com.google.android.gms.internal.firebase-auth-api.zzmo
com.google.android.gms.internal.firebase-auth-api.zzmp
com.google.android.gms.internal.firebase-auth-api.zzmq
com.google.android.gms.internal.firebase-auth-api.zzmr:
    public static int zza(java.security.spec.EllipticCurve)
com.google.android.gms.internal.firebase-auth-api.zzmt:
    public static final com.google.android.gms.internal.firebase-auth-api.zzmt zzc
    public static final com.google.android.gms.internal.firebase-auth-api.zzmt zzd
com.google.android.gms.internal.firebase-auth-api.zzmu
com.google.android.gms.internal.firebase-auth-api.zzmv
com.google.android.gms.internal.firebase-auth-api.zzmw
com.google.android.gms.internal.firebase-auth-api.zzmx
com.google.android.gms.internal.firebase-auth-api.zzmy
com.google.android.gms.internal.firebase-auth-api.zzmz
com.google.android.gms.internal.firebase-auth-api.zzn
com.google.android.gms.internal.firebase-auth-api.zzna
com.google.android.gms.internal.firebase-auth-api.zznc:
    public static void zzc(long[],long[])
    public static void zzf(long[],long[],long)
com.google.android.gms.internal.firebase-auth-api.zznd
com.google.android.gms.internal.firebase-auth-api.zzng:
    public final javax.crypto.Mac zza()
com.google.android.gms.internal.firebase-auth-api.zznj
com.google.android.gms.internal.firebase-auth-api.zznm:
    public static final java.util.regex.Pattern zza
    public static final java.util.regex.Pattern zzb
com.google.android.gms.internal.firebase-auth-api.zznn
com.google.android.gms.internal.firebase-auth-api.zzo:
    public static final java.nio.charset.Charset zza
    public static final java.nio.charset.Charset zzb
    public static final java.nio.charset.Charset zzd
    public static final java.nio.charset.Charset zze
    public static final java.nio.charset.Charset zzf
com.google.android.gms.internal.firebase-auth-api.zzoi:
    public final java.lang.String zza()
com.google.android.gms.internal.firebase-auth-api.zzom:
    public final java.lang.String zza()
    public final java.lang.String zzb()
    public final java.lang.String zzc()
com.google.android.gms.internal.firebase-auth-api.zzoo:
    public final com.google.android.gms.internal.firebase-auth-api.zzxq zza()
    public final java.lang.String zzb()
com.google.android.gms.internal.firebase-auth-api.zzoq:
    public final com.google.firebase.auth.PhoneAuthCredential zza()
    public final java.lang.String zzb()
com.google.android.gms.internal.firebase-auth-api.zzoy:
    public final com.google.android.gms.internal.firebase-auth-api.zzxd zza()
com.google.android.gms.internal.firebase-auth-api.zzp
com.google.android.gms.internal.firebase-auth-api.zzpe:
    public final com.google.android.gms.internal.firebase-auth-api.zzxq zza()
com.google.android.gms.internal.firebase-auth-api.zzpi:
    public final java.lang.String zza()
    public final java.lang.String zzb()
    public final java.lang.String zzc()
com.google.android.gms.internal.firebase-auth-api.zzpk:
    public final com.google.firebase.auth.EmailAuthCredential zza()
com.google.android.gms.internal.firebase-auth-api.zzpm:
    public final com.google.firebase.auth.PhoneAuthCredential zza()